Start testing: May 21 09:11 EDT
----------------------------------------------------------
1/1 Testing: all_tests
1/1 Test: all_tests
Command: "/Users/letmefeel/Documents/project/computer networking/Mini-CDN Proxy/mini-cdn/build/unit_tests"
Directory: /Users/letmefeel/Documents/project/computer networking/Mini-CDN Proxy/mini-cdn/build
"all_tests" start time: May 21 09:11 EDT
Output:
----------------------------------------------------------
Running main() from /Users/letmefeel/Documents/project/computer networking/Mini-CDN Proxy/mini-cdn/build/_deps/googletest-src/googletest/src/gtest_main.cc
[==========] Running 1 test from 1 test suite.
[----------] Global test environment set-up.
[----------] 1 test from Smoke
[ RUN      ] Smoke.AlwaysTrue
[       OK ] Smoke.AlwaysTrue (0 ms)
[----------] 1 test from Smoke (0 ms total)

[----------] Global test environment tear-down
[==========] 1 test from 1 test suite ran. (0 ms total)
[  PASSED  ] 1 test.
<end of output>
Test time =   0.23 sec
----------------------------------------------------------
Test Passed.
"all_tests" end time: May 21 09:11 EDT
"all_tests" time elapsed: 00:00:00
----------------------------------------------------------

End testing: May 21 09:11 EDT
